error: May-27-2023 21:55:34: 	1064You have an error in your SQL syntax; check the manual that corresponds to your MySQL server version for the right syntax to use near 'WHERE schedule_id = 'dd330cd5-fc4d-11ed-b997-8c1645602325'' at line 1
info: May-27-2023 21:56:45: 	SUCCESSFULLY AUTHENTICATED
info: May-27-2023 21:57:16: 	SUCCESSFULLY AUTHENTICATED
error: May-27-2023 21:58:37: 	1064You have an error in your SQL syntax; check the manual that corresponds to your MySQL server version for the right syntax to use near 'WHERE schedule_id = 'dd331061-fc4d-11ed-b997-8c1645602325'' at line 1
info: May-27-2023 21:59:35: 	SUCCESSFULLY AUTHENTICATED
error: May-27-2023 21:59:52: 	1064You have an error in your SQL syntax; check the manual that corresponds to your MySQL server version for the right syntax to use near 'WHERE schedule_id = 'dd330cd5-fc4d-11ed-b997-8c1645602325'' at line 1
info: May-27-2023 22:00:52: 	SUCCESSFULLY AUTHENTICATED
error: May-27-2023 22:01:01: 	1064You have an error in your SQL syntax; check the manual that corresponds to your MySQL server version for the right syntax to use near 'WHERE schedule_id = 'dd330cd5-fc4d-11ed-b997-8c1645602325'' at line 1
info: May-27-2023 22:02:10: 	SUCCESSFULLY AUTHENTICATED
error: May-27-2023 22:02:17: 	1366Incorrect integer value: '' for column 'actual_qnty' at row 21
error: May-27-2023 22:04:54: 	1366Incorrect integer value: '' for column 'actual_qnty' at row 22
info: May-27-2023 22:10:55: 	SUCCESSFULLY AUTHENTICATED
error: May-27-2023 22:11:18: 	1366Incorrect integer value: '' for column 'actual_qnty' at row 23
info: May-27-2023 22:14:03: 	SUCCESSFULLY AUTHENTICATED
info: May-27-2023 22:16:46: 	SUCCESSFULLY AUTHENTICATED
info: May-28-2023 12:07:23: 	SUCCESSFULLY AUTHENTICATED
info: May-28-2023 16:00:45: 	SUCCESSFULLY AUTHENTICATED
info: May-28-2023 17:12:15: 	SUCCESSFULLY AUTHENTICATED
info: May-28-2023 17:19:19: 	SUCCESSFULLY AUTHENTICATED
info: May-28-2023 17:20:36: 	SUCCESSFULLY AUTHENTICATED
info: May-28-2023 17:21:24: 	SUCCESSFULLY AUTHENTICATED
info: May-28-2023 17:40:08: 	SUCCESSFULLY AUTHENTICATED
info: May-28-2023 17:47:08: 	SUCCESSFULLY AUTHENTICATED
info: May-28-2023 18:07:53: 	SUCCESSFULLY AUTHENTICATED
info: May-28-2023 18:09:30: 	SUCCESSFULLY AUTHENTICATED
info: May-28-2023 18:21:20: 	SUCCESSFULLY AUTHENTICATED
info: May-28-2023 19:21:16: 	SUCCESSFULLY AUTHENTICATED
info: May-28-2023 20:03:37: 	SUCCESSFULLY AUTHENTICATED
info: May-28-2023 20:07:51: 	SUCCESSFULLY AUTHENTICATED
info: May-28-2023 20:09:59: 	SUCCESSFULLY AUTHENTICATED
info: May-28-2023 20:12:16: 	SUCCESSFULLY AUTHENTICATED
info: May-28-2023 20:18:34: 	SUCCESSFULLY AUTHENTICATED
info: May-28-2023 20:26:28: 	SUCCESSFULLY AUTHENTICATED
info: May-28-2023 20:27:56: 	SUCCESSFULLY AUTHENTICATED
info: May-28-2023 20:29:26: 	SUCCESSFULLY AUTHENTICATED
info: May-28-2023 20:31:51: 	SUCCESSFULLY AUTHENTICATED
info: May-28-2023 20:34:42: 	SUCCESSFULLY AUTHENTICATED
info: May-28-2023 21:12:23: 	SUCCESSFULLY AUTHENTICATED
info: May-29-2023 08:00:38: 	SUCCESSFULLY AUTHENTICATED
info: May-29-2023 18:23:05: 	SUCCESSFULLY AUTHENTICATED
info: May-29-2023 20:55:50: 	SUCCESSFULLY AUTHENTICATED
info: May-29-2023 21:07:39: 	SUCCESSFULLY AUTHENTICATED
info: May-29-2023 21:14:23: 	SUCCESSFULLY AUTHENTICATED
info: May-29-2023 21:17:00: 	SUCCESSFULLY AUTHENTICATED
info: May-29-2023 21:18:18: 	SUCCESSFULLY AUTHENTICATED
info: May-29-2023 21:19:21: 	SUCCESSFULLY AUTHENTICATED
info: May-29-2023 21:20:23: 	SUCCESSFULLY AUTHENTICATED
info: May-29-2023 21:21:03: 	SUCCESSFULLY AUTHENTICATED
info: May-29-2023 23:33:22: 	SUCCESSFULLY AUTHENTICATED
info: May-30-2023 00:37:28: 	SUCCESSFULLY AUTHENTICATED
info: May-30-2023 00:40:57: 	SUCCESSFULLY AUTHENTICATED
info: May-30-2023 08:14:38: 	SUCCESSFULLY AUTHENTICATED
info: May-30-2023 19:52:28: 	SUCCESSFULLY AUTHENTICATED
info: May-30-2023 20:35:03: 	SUCCESSFULLY AUTHENTICATED
info: May-30-2023 21:06:48: 	SUCCESSFULLY AUTHENTICATED
info: May-30-2023 21:07:37: 	SUCCESSFULLY AUTHENTICATED
info: May-30-2023 21:37:15: 	SUCCESSFULLY AUTHENTICATED
info: May-31-2023 08:29:44: 	SUCCESSFULLY AUTHENTICATED
info: May-31-2023 18:56:37: 	SUCCESSFULLY AUTHENTICATED
info: May-31-2023 19:03:46: 	SUCCESSFULLY AUTHENTICATED
info: May-31-2023 19:08:23: 	SUCCESSFULLY AUTHENTICATED
info: May-31-2023 19:09:18: 	SUCCESSFULLY AUTHENTICATED
info: May-31-2023 19:11:32: 	SUCCESSFULLY AUTHENTICATED
info: May-31-2023 19:16:51: 	SUCCESSFULLY AUTHENTICATED
info: May-31-2023 19:18:18: 	SUCCESSFULLY AUTHENTICATED
info: May-31-2023 19:24:06: 	SUCCESSFULLY AUTHENTICATED
info: May-31-2023 19:53:56: 	SUCCESSFULLY AUTHENTICATED
info: May-31-2023 19:58:59: 	SUCCESSFULLY AUTHENTICATED
info: May-31-2023 20:12:41: 	SUCCESSFULLY AUTHENTICATED
info: May-31-2023 20:57:53: 	SUCCESSFULLY AUTHENTICATED
info: May-31-2023 21:04:39: 	SUCCESSFULLY AUTHENTICATED
info: May-31-2023 21:06:31: 	SUCCESSFULLY AUTHENTICATED
info: May-31-2023 21:08:25: 	SUCCESSFULLY AUTHENTICATED
info: May-31-2023 21:13:44: 	SUCCESSFULLY AUTHENTICATED
info: May-31-2023 21:28:56: 	SUCCESSFULLY AUTHENTICATED
info: May-31-2023 21:29:40: 	SUCCESSFULLY AUTHENTICATED
info: May-31-2023 21:30:17: 	SUCCESSFULLY AUTHENTICATED
info: May-31-2023 21:41:16: 	SUCCESSFULLY AUTHENTICATED
info: May-31-2023 21:43:39: 	SUCCESSFULLY AUTHENTICATED
info: May-31-2023 21:48:33: 	SUCCESSFULLY AUTHENTICATED
info: May-31-2023 21:49:47: 	SUCCESSFULLY AUTHENTICATED
info: May-31-2023 21:51:42: 	SUCCESSFULLY AUTHENTICATED
info: Jun-03-2023 13:08:57: 	SUCCESSFULLY AUTHENTICATED
info: Jun-03-2023 15:06:02: 	SUCCESSFULLY AUTHENTICATED
info: Jun-03-2023 15:08:40: 	SUCCESSFULLY AUTHENTICATED
info: Jun-04-2023 10:08:56: 	SUCCESSFULLY AUTHENTICATED
info: Jun-04-2023 10:15:07: 	SUCCESSFULLY AUTHENTICATED
info: Jun-04-2023 10:18:19: 	SUCCESSFULLY AUTHENTICATED
info: Jun-04-2023 12:17:40: 	SUCCESSFULLY AUTHENTICATED
info: Jun-04-2023 12:50:44: 	SUCCESSFULLY AUTHENTICATED
info: Jun-04-2023 13:09:37: 	SUCCESSFULLY AUTHENTICATED
info: Jun-04-2023 13:12:28: 	SUCCESSFULLY AUTHENTICATED
info: Jun-04-2023 15:01:41: 	SUCCESSFULLY AUTHENTICATED
info: Jun-04-2023 15:02:20: 	SUCCESSFULLY AUTHENTICATED
info: Jun-04-2023 15:05:35: 	SUCCESSFULLY AUTHENTICATED
info: Jun-04-2023 20:16:04: 	SUCCESSFULLY AUTHENTICATED
info: Jun-05-2023 20:16:19: 	SUCCESSFULLY AUTHENTICATED
info: Jun-06-2023 21:25:50: 	SUCCESSFULLY AUTHENTICATED
info: Jun-07-2023 08:37:44: 	SUCCESSFULLY AUTHENTICATED
info: Jun-10-2023 10:15:32: 	SUCCESSFULLY AUTHENTICATED
info: Jun-10-2023 10:33:41: 	SUCCESSFULLY AUTHENTICATED
info: Jun-10-2023 10:39:37: 	SUCCESSFULLY AUTHENTICATED
info: Jun-10-2023 11:46:28: 	SUCCESSFULLY AUTHENTICATED
info: Jun-10-2023 12:25:36: 	SUCCESSFULLY AUTHENTICATED
info: Jun-10-2023 12:41:17: 	SUCCESSFULLY AUTHENTICATED
info: Jun-10-2023 12:48:52: 	SUCCESSFULLY AUTHENTICATED
info: Jun-10-2023 12:53:10: 	SUCCESSFULLY AUTHENTICATED
info: Jun-10-2023 14:39:51: 	SUCCESSFULLY AUTHENTICATED
info: Jun-10-2023 14:45:00: 	SUCCESSFULLY AUTHENTICATED
info: Jun-10-2023 14:46:42: 	SUCCESSFULLY AUTHENTICATED
info: Jun-10-2023 15:09:27: 	SUCCESSFULLY AUTHENTICATED
info: Jun-10-2023 15:35:06: 	SUCCESSFULLY AUTHENTICATED
info: Jun-10-2023 16:06:07: 	SUCCESSFULLY AUTHENTICATED
error: Jun-10-2023 18:10:31: 	-4077read ECONNRESET
error: Jun-10-2023 18:11:00: 	undefinedCan't add new command when connection is in closed state
error: Jun-10-2023 18:11:30: 	undefinedCan't add new command when connection is in closed state
error: Jun-10-2023 18:12:00: 	undefinedCan't add new command when connection is in closed state
error: Jun-10-2023 18:12:30: 	undefinedCan't add new command when connection is in closed state
error: Jun-10-2023 18:13:00: 	undefinedCan't add new command when connection is in closed state
error: Jun-10-2023 18:13:30: 	undefinedCan't add new command when connection is in closed state
error: Jun-10-2023 18:16:00: 	undefinedCan't add new command when connection is in closed state
error: Jun-10-2023 18:16:30: 	undefinedCan't add new command when connection is in closed state
error: Jun-10-2023 18:17:00: 	undefinedCan't add new command when connection is in closed state
error: Jun-10-2023 18:17:30: 	undefinedCan't add new command when connection is in closed state
error: Jun-10-2023 18:18:00: 	undefinedCan't add new command when connection is in closed state
error: Jun-10-2023 18:18:30: 	undefinedCan't add new command when connection is in closed state
error: Jun-10-2023 18:19:00: 	undefinedCan't add new command when connection is in closed state
error: Jun-10-2023 18:19:30: 	undefinedCan't add new command when connection is in closed state
error: Jun-10-2023 18:20:00: 	undefinedCan't add new command when connection is in closed state
error: Jun-10-2023 18:20:30: 	undefinedCan't add new command when connection is in closed state
error: Jun-10-2023 18:21:00: 	undefinedCan't add new command when connection is in closed state
error: Jun-10-2023 18:21:30: 	undefinedCan't add new command when connection is in closed state
error: Jun-10-2023 18:22:00: 	undefinedCan't add new command when connection is in closed state
error: Jun-10-2023 18:22:30: 	undefinedCan't add new command when connection is in closed state
error: Jun-10-2023 18:23:00: 	undefinedCan't add new command when connection is in closed state
error: Jun-10-2023 18:23:30: 	undefinedCan't add new command when connection is in closed state
error: Jun-10-2023 18:24:00: 	undefinedCan't add new command when connection is in closed state
error: Jun-10-2023 18:24:30: 	undefinedCan't add new command when connection is in closed state
error: Jun-10-2023 18:25:00: 	undefinedCan't add new command when connection is in closed state
error: Jun-10-2023 18:25:30: 	undefinedCan't add new command when connection is in closed state
error: Jun-10-2023 18:26:00: 	undefinedCan't add new command when connection is in closed state
error: Jun-10-2023 18:26:30: 	undefinedCan't add new command when connection is in closed state
error: Jun-10-2023 18:27:00: 	undefinedCan't add new command when connection is in closed state
error: Jun-10-2023 18:27:30: 	undefinedCan't add new command when connection is in closed state
error: Jun-10-2023 18:28:00: 	undefinedCan't add new command when connection is in closed state
error: Jun-10-2023 18:28:30: 	undefinedCan't add new command when connection is in closed state
error: Jun-10-2023 18:29:00: 	undefinedCan't add new command when connection is in closed state
error: Jun-10-2023 18:29:30: 	undefinedCan't add new command when connection is in closed state
error: Jun-10-2023 18:30:00: 	undefinedCan't add new command when connection is in closed state
error: Jun-10-2023 18:30:30: 	undefinedCan't add new command when connection is in closed state
error: Jun-10-2023 18:31:00: 	undefinedCan't add new command when connection is in closed state
error: Jun-10-2023 18:31:30: 	undefinedCan't add new command when connection is in closed state
error: Jun-10-2023 18:32:00: 	undefinedCan't add new command when connection is in closed state
error: Jun-10-2023 18:32:30: 	undefinedCan't add new command when connection is in closed state
error: Jun-10-2023 18:33:00: 	undefinedCan't add new command when connection is in closed state
error: Jun-10-2023 18:33:30: 	undefinedCan't add new command when connection is in closed state
error: Jun-10-2023 18:34:00: 	undefinedCan't add new command when connection is in closed state
info: Jun-11-2023 08:34:39: 	SUCCESSFULLY AUTHENTICATED
info: Jun-11-2023 10:26:47: 	SUCCESSFULLY AUTHENTICATED
info: Jun-11-2023 10:29:37: 	SUCCESSFULLY AUTHENTICATED
info: Jun-11-2023 10:31:01: 	SUCCESSFULLY AUTHENTICATED
info: Jun-11-2023 10:33:58: 	SUCCESSFULLY AUTHENTICATED
info: Jun-11-2023 15:30:30: 	SUCCESSFULLY AUTHENTICATED
info: Jun-11-2023 15:33:40: 	SUCCESSFULLY AUTHENTICATED
info: Jun-11-2023 15:34:57: 	SUCCESSFULLY AUTHENTICATED
info: Jun-11-2023 15:38:18: 	SUCCESSFULLY AUTHENTICATED
info: Jun-11-2023 15:39:40: 	SUCCESSFULLY AUTHENTICATED
info: Jun-11-2023 15:52:24: 	SUCCESSFULLY AUTHENTICATED
info: Jun-11-2023 15:54:26: 	SUCCESSFULLY AUTHENTICATED
info: Jun-11-2023 15:55:02: 	SUCCESSFULLY AUTHENTICATED
info: Jun-11-2023 16:02:01: 	SUCCESSFULLY AUTHENTICATED
info: Jun-11-2023 16:05:18: 	SUCCESSFULLY AUTHENTICATED
info: Jun-11-2023 16:06:13: 	SUCCESSFULLY AUTHENTICATED
info: Jun-11-2023 16:13:04: 	SUCCESSFULLY AUTHENTICATED
info: Jun-11-2023 16:15:53: 	SUCCESSFULLY AUTHENTICATED
info: Jun-11-2023 16:16:31: 	SUCCESSFULLY AUTHENTICATED
info: Jun-11-2023 16:16:55: 	SUCCESSFULLY AUTHENTICATED
info: Jun-11-2023 16:20:15: 	SUCCESSFULLY AUTHENTICATED
info: Jun-11-2023 16:20:56: 	SUCCESSFULLY AUTHENTICATED
info: Jun-11-2023 16:21:31: 	SUCCESSFULLY AUTHENTICATED
info: Jun-11-2023 16:24:36: 	SUCCESSFULLY AUTHENTICATED
info: Jun-11-2023 16:29:22: 	SUCCESSFULLY AUTHENTICATED
error: Jun-11-2023 16:29:30: 	-3008getaddrinfo ENOTFOUND smtp.gmail.com
error: Jun-11-2023 16:30:00: 	-3008getaddrinfo ENOTFOUND smtp.gmail.com
info: Jun-11-2023 16:30:28: 	SUCCESSFULLY AUTHENTICATED
error: Jun-11-2023 16:30:30: 	-3008getaddrinfo ENOTFOUND smtp.gmail.com
error: Jun-11-2023 16:31:00: 	-3008getaddrinfo ENOTFOUND smtp.gmail.com
error: Jun-11-2023 16:31:30: 	-3008getaddrinfo ENOTFOUND smtp.gmail.com
error: Jun-11-2023 16:32:00: 	-3008getaddrinfo ENOTFOUND smtp.gmail.com
info: Jun-11-2023 16:32:26: 	SUCCESSFULLY AUTHENTICATED
error: Jun-11-2023 16:32:30: 	-3008getaddrinfo ENOTFOUND smtp.gmail.com
error: Jun-11-2023 16:33:01: 	-3008getaddrinfo ENOTFOUND smtp.gmail.com
error: Jun-11-2023 16:33:30: 	-3008getaddrinfo ENOTFOUND smtp.gmail.com
info: Jun-11-2023 16:33:33: 	SUCCESSFULLY AUTHENTICATED
error: Jun-11-2023 16:34:00: 	-3008getaddrinfo ENOTFOUND smtp.gmail.com
error: Jun-11-2023 16:34:30: 	-3008getaddrinfo ENOTFOUND smtp.gmail.com
error: Jun-11-2023 16:35:00: 	-3008getaddrinfo ENOTFOUND smtp.gmail.com
error: Jun-11-2023 16:35:30: 	-3008getaddrinfo ENOTFOUND smtp.gmail.com
error: Jun-11-2023 16:36:00: 	-3008getaddrinfo ENOTFOUND smtp.gmail.com
error: Jun-11-2023 16:36:30: 	-3008getaddrinfo ENOTFOUND smtp.gmail.com
error: Jun-11-2023 16:37:00: 	-3008getaddrinfo ENOTFOUND smtp.gmail.com
error: Jun-11-2023 16:37:30: 	-3008getaddrinfo ENOTFOUND smtp.gmail.com
error: Jun-11-2023 16:38:00: 	-3008getaddrinfo ENOTFOUND smtp.gmail.com
error: Jun-11-2023 16:38:30: 	-3008getaddrinfo ENOTFOUND smtp.gmail.com
error: Jun-11-2023 16:39:00: 	-3008getaddrinfo ENOTFOUND smtp.gmail.com
error: Jun-11-2023 16:39:30: 	-3008getaddrinfo ENOTFOUND smtp.gmail.com
error: Jun-11-2023 16:40:01: 	-3008getaddrinfo ENOTFOUND smtp.gmail.com
error: Jun-11-2023 16:40:30: 	-3008getaddrinfo ENOTFOUND smtp.gmail.com
error: Jun-11-2023 16:41:00: 	-3008getaddrinfo ENOTFOUND smtp.gmail.com
error: Jun-11-2023 16:41:30: 	-3008getaddrinfo ENOTFOUND smtp.gmail.com
error: Jun-11-2023 16:42:00: 	-3008getaddrinfo ENOTFOUND smtp.gmail.com
error: Jun-11-2023 16:42:30: 	-3008getaddrinfo ENOTFOUND smtp.gmail.com
error: Jun-11-2023 16:43:00: 	-3008getaddrinfo ENOTFOUND smtp.gmail.com
error: Jun-11-2023 16:43:30: 	-3008getaddrinfo ENOTFOUND smtp.gmail.com
error: Jun-11-2023 16:44:00: 	-3008getaddrinfo ENOTFOUND smtp.gmail.com
error: Jun-11-2023 16:44:30: 	-3008getaddrinfo ENOTFOUND smtp.gmail.com
error: Jun-11-2023 16:45:00: 	-3008getaddrinfo ENOTFOUND smtp.gmail.com
error: Jun-11-2023 16:45:30: 	-3008getaddrinfo ENOTFOUND smtp.gmail.com
error: Jun-11-2023 16:46:00: 	-3008getaddrinfo ENOTFOUND smtp.gmail.com
error: Jun-11-2023 16:46:30: 	-3008getaddrinfo ENOTFOUND smtp.gmail.com
error: Jun-11-2023 16:47:00: 	-3008getaddrinfo ENOTFOUND smtp.gmail.com
error: Jun-11-2023 16:47:30: 	-3008getaddrinfo ENOTFOUND smtp.gmail.com
error: Jun-11-2023 16:48:00: 	-3008getaddrinfo ENOTFOUND smtp.gmail.com
error: Jun-11-2023 16:48:30: 	-3008getaddrinfo ENOTFOUND smtp.gmail.com
error: Jun-11-2023 16:49:00: 	-3008getaddrinfo ENOTFOUND smtp.gmail.com
error: Jun-11-2023 16:49:30: 	-3008getaddrinfo ENOTFOUND smtp.gmail.com
error: Jun-11-2023 16:50:00: 	-3008getaddrinfo ENOTFOUND smtp.gmail.com
error: Jun-11-2023 16:50:30: 	-3008getaddrinfo ENOTFOUND smtp.gmail.com
error: Jun-11-2023 16:51:00: 	-3008getaddrinfo ENOTFOUND smtp.gmail.com
error: Jun-11-2023 16:51:30: 	-3008getaddrinfo ENOTFOUND smtp.gmail.com
error: Jun-11-2023 16:52:00: 	-3008getaddrinfo ENOTFOUND smtp.gmail.com
error: Jun-11-2023 16:52:30: 	-3008getaddrinfo ENOTFOUND smtp.gmail.com
error: Jun-11-2023 16:53:30: 	-3008getaddrinfo ENOTFOUND smtp.gmail.com
error: Jun-11-2023 16:54:00: 	-3008getaddrinfo ENOTFOUND smtp.gmail.com
error: Jun-11-2023 16:54:30: 	-3008getaddrinfo ENOTFOUND smtp.gmail.com
error: Jun-11-2023 16:55:00: 	-3008getaddrinfo ENOTFOUND smtp.gmail.com
error: Jun-11-2023 16:55:30: 	-3008getaddrinfo ENOTFOUND smtp.gmail.com
error: Jun-11-2023 16:56:00: 	-3008getaddrinfo ENOTFOUND smtp.gmail.com
error: Jun-11-2023 16:56:30: 	-3008getaddrinfo ENOTFOUND smtp.gmail.com
error: Jun-11-2023 16:57:00: 	-3008getaddrinfo ENOTFOUND smtp.gmail.com
error: Jun-11-2023 16:57:30: 	-3008getaddrinfo ENOTFOUND smtp.gmail.com
error: Jun-11-2023 16:58:00: 	-3008getaddrinfo ENOTFOUND smtp.gmail.com
error: Jun-11-2023 16:58:30: 	-3008getaddrinfo ENOTFOUND smtp.gmail.com
error: Jun-11-2023 16:59:00: 	-3008getaddrinfo ENOTFOUND smtp.gmail.com
error: Jun-11-2023 16:59:31: 	-3008getaddrinfo ENOTFOUND smtp.gmail.com
error: Jun-11-2023 17:00:00: 	-3008getaddrinfo ENOTFOUND smtp.gmail.com
error: Jun-11-2023 17:01:01: 	-3008getaddrinfo ENOTFOUND smtp.gmail.com
error: Jun-11-2023 17:01:30: 	-3008getaddrinfo ENOTFOUND smtp.gmail.com
info: Jun-11-2023 17:01:39: 	SUCCESSFULLY AUTHENTICATED
error: Jun-11-2023 17:02:01: 	-3008getaddrinfo ENOTFOUND smtp.gmail.com
info: Jun-11-2023 17:02:13: 	SUCCESSFULLY AUTHENTICATED
error: Jun-11-2023 17:02:30: 	-3008getaddrinfo ENOTFOUND smtp.gmail.com
error: Jun-11-2023 17:03:00: 	-3008getaddrinfo ENOTFOUND smtp.gmail.com
error: Jun-11-2023 17:03:30: 	-3008getaddrinfo ENOTFOUND smtp.gmail.com
error: Jun-11-2023 17:04:00: 	-3008getaddrinfo ENOTFOUND smtp.gmail.com
error: Jun-11-2023 17:04:30: 	-3008getaddrinfo ENOTFOUND smtp.gmail.com
error: Jun-11-2023 17:05:00: 	-3008getaddrinfo ENOTFOUND smtp.gmail.com
error: Jun-11-2023 17:05:30: 	-3008getaddrinfo ENOTFOUND smtp.gmail.com
error: Jun-11-2023 17:06:00: 	-3008getaddrinfo ENOTFOUND smtp.gmail.com
error: Jun-11-2023 17:06:30: 	-3008getaddrinfo ENOTFOUND smtp.gmail.com
error: Jun-11-2023 17:07:00: 	-3008getaddrinfo ENOTFOUND smtp.gmail.com
error: Jun-11-2023 17:07:30: 	-3008getaddrinfo ENOTFOUND smtp.gmail.com
error: Jun-11-2023 17:08:00: 	-3008getaddrinfo ENOTFOUND smtp.gmail.com
error: Jun-11-2023 17:08:30: 	-3008getaddrinfo ENOTFOUND smtp.gmail.com
error: Jun-11-2023 17:09:00: 	-3008getaddrinfo ENOTFOUND smtp.gmail.com
error: Jun-11-2023 17:09:30: 	-3008getaddrinfo ENOTFOUND smtp.gmail.com
error: Jun-11-2023 17:10:00: 	-3008getaddrinfo ENOTFOUND smtp.gmail.com
error: Jun-11-2023 17:10:30: 	-3008getaddrinfo ENOTFOUND smtp.gmail.com
error: Jun-11-2023 17:11:00: 	-3008getaddrinfo ENOTFOUND smtp.gmail.com
error: Jun-11-2023 17:11:30: 	-3008getaddrinfo ENOTFOUND smtp.gmail.com
error: Jun-11-2023 17:12:00: 	-3008getaddrinfo ENOTFOUND smtp.gmail.com
